<?xml version="1.0" encoding="UTF-8"?>
<!-- Generated by org.testng.reporters.JUnitReportReporter -->
<testsuite hostname="Mahesh_Laptop" failures="0" tests="1" name="demo.Base" time="3.521" errors="0" timestamp="2024-05-11T16:46:38 EDT" skipped="0">
  <testcase classname="demo.Base" name="startBrowser" time="3.521"/>
</testsuite> <!-- demo.Base -->
