<?xml version="1.0" encoding="UTF-8"?>
<!-- Generated by org.testng.reporters.JUnitReportReporter -->
<testsuite hostname="Mahesh_Laptop" failures="0" tests="3" name="demo.Child" time="0.022" errors="0" timestamp="2024-05-08T19:54:23 EDT" skipped="0">
  <testcase classname="demo.Child" name="readData" time="0.011"/>
  <testcase classname="demo.Child" name="readData" time="0.006"/>
  <testcase classname="demo.Child" name="secondTest" time="0.005"/>
</testsuite> <!-- demo.Child -->
