<?xml version="1.0" encoding="UTF-8"?>
<!-- Generated by org.testng.reporters.JUnitReportReporter -->
<testsuite hostname="Mahesh_Laptop" failures="0" tests="1" name="cucumberrunner.TestngRunner" time="3.810" errors="0" timestamp="2024-05-27T22:07:38 EDT" skipped="0">
  <testcase classname="cucumberrunner.TestngRunner" name="runScenario" time="3.810"/>
</testsuite> <!-- cucumberrunner.TestngRunner -->
